# JRE version: Java(TM) SE Runtime Environment (8.0_241-b07) (build 1.8.0_241-b07)
# Java VM: Java HotSpot(TM) 64-Bit Server VM (25.241-b07 mixed mode windows-amd64 compressed oops)
Heap:
 PSYoungGen      total 45568K, used 23406K [0x00000000d5580000, 0x00000000d8880000, 0x0000000100000000)
  eden space 39936K, 48% used [0x00000000d5580000,0x00000000d68434c8,0x00000000d7c80000)
  from space 5632K, 74% used [0x00000000d8300000,0x00000000d8718608,0x00000000d8880000)
  to   space 6144K, 0% used [0x00000000d7c80000,0x00000000d7c80000,0x00000000d8280000)
 ParOldGen       total 54784K, used 6706K [0x0000000080000000, 0x0000000083580000, 0x00000000d5580000)
  object space 54784K, 12% used [0x0000000080000000,0x000000008068c868,0x0000000083580000)
 Metaspace       used 20478K, capacity 20806K, committed 21120K, reserved 1067008K
  class space    used 2976K, capacity 3113K, committed 3200K, reserved 1048576K
GC Heap History (10 events):
Event: 4.326 GC heap before
{Heap before GC invocations=4 (full 0):
 PSYoungGen      total 24064K, used 24045K [0x00000000d5580000, 0x00000000d7000000, 0x0000000100000000)
  eden space 20992K, 100% used [0x00000000d5580000,0x00000000d6a00000,0x00000000d6a00000)
  from space 3072K, 99% used [0x00000000d6a00000,0x00000000d6cfb6f0,0x00000000d6d00000)
  to   space 3072K, 0% used [0x00000000d6d00000,0x00000000d6d00000,0x00000000d7000000)
 ParOldGen       total 54784K, used 192K [0x0000000080000000, 0x0000000083580000, 0x00000000d5580000)
  object space 54784K, 0% used [0x0000000080000000,0x00000000800300c0,0x0000000083580000)
 Metaspace       used 9699K, capacity 9934K, committed 10240K, reserved 1058816K
  class space    used 1328K, capacity 1421K, committed 1536K, reserved 1048576K
Event: 4.340 GC heap after
Heap after GC invocations=4 (full 0):
 PSYoungGen      total 24064K, used 3056K [0x00000000d5580000, 0x00000000d7000000, 0x0000000100000000)
  eden space 20992K, 0% used [0x00000000d5580000,0x00000000d5580000,0x00000000d6a00000)
  from space 3072K, 99% used [0x00000000d6d00000,0x00000000d6ffc030,0x00000000d7000000)
  to   space 3072K, 0% used [0x00000000d6a00000,0x00000000d6a00000,0x00000000d6d00000)
 ParOldGen       total 54784K, used 1957K [0x0000000080000000, 0x0000000083580000, 0x00000000d5580000)
  object space 54784K, 3% used [0x0000000080000000,0x00000000801e9750,0x0000000083580000)
 Metaspace       used 9699K, capacity 9934K, committed 10240K, reserved 1058816K
  class space    used 1328K, capacity 1421K, committed 1536K, reserved 1048576K
}
Event: 9.450 GC heap before
{Heap before GC invocations=5 (full 0):
 PSYoungGen      total 24064K, used 24048K [0x00000000d5580000, 0x00000000d7000000, 0x0000000100000000)
  eden space 20992K, 100% used [0x00000000d5580000,0x00000000d6a00000,0x00000000d6a00000)
  from space 3072K, 99% used [0x00000000d6d00000,0x00000000d6ffc030,0x00000000d7000000)
  to   space 3072K, 0% used [0x00000000d6a00000,0x00000000d6a00000,0x00000000d6d00000)
 ParOldGen       total 54784K, used 1957K [0x0000000080000000, 0x0000000083580000, 0x00000000d5580000)
  object space 54784K, 3% used [0x0000000080000000,0x00000000801e9750,0x0000000083580000)
 Metaspace       used 12702K, capacity 12962K, committed 13184K, reserved 1060864K
  class space    used 1781K, capacity 1901K, committed 1920K, reserved 1048576K
Event: 9.469 GC heap after
Heap after GC invocations=5 (full 0):
 PSYoungGen      total 23552K, used 3056K [0x00000000d5580000, 0x00000000d7580000, 0x0000000100000000)
  eden space 20480K, 0% used [0x00000000d5580000,0x00000000d5580000,0x00000000d6980000)
  from space 3072K, 99% used [0x00000000d6a00000,0x00000000d6cfc050,0x00000000d6d00000)
  to   space 6144K, 0% used [0x00000000d6f80000,0x00000000d6f80000,0x00000000d7580000)
 ParOldGen       total 54784K, used 4378K [0x0000000080000000, 0x0000000083580000, 0x00000000d5580000)
  object space 54784K, 7% used [0x0000000080000000,0x0000000080446808,0x0000000083580000)
 Metaspace       used 12702K, capacity 12962K, committed 13184K, reserved 1060864K
  class space    used 1781K, capacity 1901K, committed 1920K, reserved 1048576K
}
Event: 10.070 GC heap before
{Heap before GC invocations=6 (full 0):
 PSYoungGen      total 23552K, used 23536K [0x00000000d5580000, 0x00000000d7580000, 0x0000000100000000)
  eden space 20480K, 100% used [0x00000000d5580000,0x00000000d6980000,0x00000000d6980000)
  from space 3072K, 99% used [0x00000000d6a00000,0x00000000d6cfc050,0x00000000d6d00000)
  to   space 6144K, 0% used [0x00000000d6f80000,0x00000000d6f80000,0x00000000d7580000)
 ParOldGen       total 54784K, used 4378K [0x0000000080000000, 0x0000000083580000, 0x00000000d5580000)
  object space 54784K, 7% used [0x0000000080000000,0x0000000080446808,0x0000000083580000)
 Metaspace       used 14305K, capacity 14602K, committed 14976K, reserved 1062912K
  class space    used 2048K, capacity 2129K, committed 2176K, reserved 1048576K
Event: 10.084 GC heap after
Heap after GC invocations=6 (full 0):
 PSYoungGen      total 26112K, used 5285K [0x00000000d5580000, 0x00000000d8a80000, 0x0000000100000000)
  eden space 19968K, 0% used [0x00000000d5580000,0x00000000d5580000,0x00000000d6900000)
  from space 6144K, 86% used [0x00000000d6f80000,0x00000000d74a9670,0x00000000d7580000)
  to   space 6656K, 0% used [0x00000000d6900000,0x00000000d6900000,0x00000000d6f80000)
 ParOldGen       total 54784K, used 4386K [0x0000000080000000, 0x0000000083580000, 0x00000000d5580000)
  object space 54784K, 8% used [0x0000000080000000,0x0000000080448808,0x0000000083580000)
 Metaspace       used 14305K, capacity 14602K, committed 14976K, reserved 1062912K
  class space    used 2048K, capacity 2129K, committed 2176K, reserved 1048576K
}
Event: 11.152 GC heap before
{Heap before GC invocations=7 (full 0):
 PSYoungGen      total 26112K, used 25253K [0x00000000d5580000, 0x00000000d8a80000, 0x0000000100000000)
  eden space 19968K, 100% used [0x00000000d5580000,0x00000000d6900000,0x00000000d6900000)
  from space 6144K, 86% used [0x00000000d6f80000,0x00000000d74a9670,0x00000000d7580000)
  to   space 6656K, 0% used [0x00000000d6900000,0x00000000d6900000,0x00000000d6f80000)
 ParOldGen       total 54784K, used 4386K [0x0000000080000000, 0x0000000083580000, 0x00000000d5580000)
  object space 54784K, 8% used [0x0000000080000000,0x0000000080448808,0x0000000083580000)
 Metaspace       used 16336K, capacity 16726K, committed 17152K, reserved 1064960K
  class space    used 2367K, capacity 2501K, committed 2560K, reserved 1048576K
Event: 11.170 GC heap after
Heap after GC invocations=7 (full 0):
 PSYoungGen      total 26624K, used 4892K [0x00000000d5580000, 0x00000000d8980000, 0x0000000100000000)
  eden space 19968K, 0% used [0x00000000d5580000,0x00000000d5580000,0x00000000d6900000)
  from space 6656K, 73% used [0x00000000d6900000,0x00000000d6dc71d8,0x00000000d6f80000)
  to   space 6656K, 0% used [0x00000000d8300000,0x00000000d8300000,0x00000000d8980000)
 ParOldGen       total 54784K, used 5546K [0x0000000080000000, 0x0000000083580000, 0x00000000d5580000)
  object space 54784K, 10% used [0x0000000080000000,0x000000008056a848,0x0000000083580000)
 Metaspace       used 16336K, capacity 16726K, committed 17152K, reserved 1064960K
  class space    used 2367K, capacity 2501K, committed 2560K, reserved 1048576K
}
Event: 11.874 GC heap before
{Heap before GC invocations=8 (full 0):
 PSYoungGen      total 26624K, used 24858K [0x00000000d5580000, 0x00000000d8980000, 0x0000000100000000)
  eden space 19968K, 99% used [0x00000000d5580000,0x00000000d68ff8d8,0x00000000d6900000)
  from space 6656K, 73% used [0x00000000d6900000,0x00000000d6dc71d8,0x00000000d6f80000)
  to   space 6656K, 0% used [0x00000000d8300000,0x00000000d8300000,0x00000000d8980000)
 ParOldGen       total 54784K, used 5546K [0x0000000080000000, 0x0000000083580000, 0x00000000d5580000)
  object space 54784K, 10% used [0x0000000080000000,0x000000008056a848,0x0000000083580000)
 Metaspace       used 17962K, capacity 18328K, committed 18816K, reserved 1064960K
  class space    used 2651K, capacity 2822K, committed 2944K, reserved 1048576K
Event: 11.885 GC heap after
Heap after GC invocations=8 (full 0):
 PSYoungGen      total 45568K, used 4193K [0x00000000d5580000, 0x00000000d8880000, 0x0000000100000000)
  eden space 39936K, 0% used [0x00000000d5580000,0x00000000d5580000,0x00000000d7c80000)
  from space 5632K, 74% used [0x00000000d8300000,0x00000000d8718608,0x00000000d8880000)
  to   space 6144K, 0% used [0x00000000d7c80000,0x00000000d7c80000,0x00000000d8280000)
 ParOldGen       total 54784K, used 6706K [0x0000000080000000, 0x0000000083580000, 0x00000000d5580000)
  object space 54784K, 12% used [0x0000000080000000,0x000000008068c868,0x0000000083580000)
 Metaspace       used 17962K, capacity 18328K, committed 18816K, reserved 1064960K
  class space    used 2651K, capacity 2822K, committed 2944K, reserved 1048576K
}

