# JRE version: Java(TM) SE Runtime Environment (8.0_241-b07) (build 1.8.0_241-b07)
# Java VM: Java HotSpot(TM) 64-Bit Server VM (25.241-b07 mixed mode windows-amd64 compressed oops)
Heap:
 PSYoungGen      total 23552K, used 15064K [0x00000000d5580000, 0x00000000d7580000, 0x0000000100000000)
  eden space 20480K, 58% used [0x00000000d5580000,0x00000000d613e2c0,0x00000000d6980000)
  from space 3072K, 98% used [0x00000000d6a00000,0x00000000d6cf8040,0x00000000d6d00000)
  to   space 6144K, 0% used [0x00000000d6f80000,0x00000000d6f80000,0x00000000d7580000)
 ParOldGen       total 54784K, used 4376K [0x0000000080000000, 0x0000000083580000, 0x00000000d5580000)
  object space 54784K, 7% used [0x0000000080000000,0x00000000804460a0,0x0000000083580000)
 Metaspace       used 14046K, capacity 14382K, committed 14720K, reserved 1062912K
  class space    used 1988K, capacity 2097K, committed 2176K, reserved 1048576K
GC Heap History (10 events):
Event: 1.415 GC heap before
{Heap before GC invocations=1 (full 0):
 PSYoungGen      total 24064K, used 20992K [0x00000000d5580000, 0x00000000d7000000, 0x0000000100000000)
  eden space 20992K, 100% used [0x00000000d5580000,0x00000000d6a00000,0x00000000d6a00000)
  from space 3072K, 0% used [0x00000000d6d00000,0x00000000d6d00000,0x00000000d7000000)
  to   space 3072K, 0% used [0x00000000d6a00000,0x00000000d6a00000,0x00000000d6d00000)
 ParOldGen       total 54784K, used 0K [0x0000000080000000, 0x0000000083580000, 0x00000000d5580000)
  object space 54784K, 0% used [0x0000000080000000,0x0000000080000000,0x0000000083580000)
 Metaspace       used 6125K, capacity 6308K, committed 6528K, reserved 1056768K
  class space    used 767K, capacity 812K, committed 896K, reserved 1048576K
Event: 1.426 GC heap after
Heap after GC invocations=1 (full 0):
 PSYoungGen      total 24064K, used 3064K [0x00000000d5580000, 0x00000000d7000000, 0x0000000100000000)
  eden space 20992K, 0% used [0x00000000d5580000,0x00000000d5580000,0x00000000d6a00000)
  from space 3072K, 99% used [0x00000000d6a00000,0x00000000d6cfe0a8,0x00000000d6d00000)
  to   space 3072K, 0% used [0x00000000d6d00000,0x00000000d6d00000,0x00000000d7000000)
 ParOldGen       total 54784K, used 169K [0x0000000080000000, 0x0000000083580000, 0x00000000d5580000)
  object space 54784K, 0% used [0x0000000080000000,0x000000008002a4a0,0x0000000083580000)
 Metaspace       used 6125K, capacity 6308K, committed 6528K, reserved 1056768K
  class space    used 767K, capacity 812K, committed 896K, reserved 1048576K
}
Event: 2.105 GC heap before
{Heap before GC invocations=2 (full 0):
 PSYoungGen      total 24064K, used 24056K [0x00000000d5580000, 0x00000000d7000000, 0x0000000100000000)
  eden space 20992K, 100% used [0x00000000d5580000,0x00000000d6a00000,0x00000000d6a00000)
  from space 3072K, 99% used [0x00000000d6a00000,0x00000000d6cfe0a8,0x00000000d6d00000)
  to   space 3072K, 0% used [0x00000000d6d00000,0x00000000d6d00000,0x00000000d7000000)
 ParOldGen       total 54784K, used 169K [0x0000000080000000, 0x0000000083580000, 0x00000000d5580000)
  object space 54784K, 0% used [0x0000000080000000,0x000000008002a4a0,0x0000000083580000)
 Metaspace       used 6796K, capacity 6980K, committed 7168K, reserved 1056768K
  class space    used 849K, capacity 908K, committed 1024K, reserved 1048576K
Event: 2.111 GC heap after
Heap after GC invocations=2 (full 0):
 PSYoungGen      total 24064K, used 2781K [0x00000000d5580000, 0x00000000d7000000, 0x0000000100000000)
  eden space 20992K, 0% used [0x00000000d5580000,0x00000000d5580000,0x00000000d6a00000)
  from space 3072K, 90% used [0x00000000d6d00000,0x00000000d6fb7608,0x00000000d7000000)
  to   space 3072K, 0% used [0x00000000d6a00000,0x00000000d6a00000,0x00000000d6d00000)
 ParOldGen       total 54784K, used 177K [0x0000000080000000, 0x0000000083580000, 0x00000000d5580000)
  object space 54784K, 0% used [0x0000000080000000,0x000000008002c4a0,0x0000000083580000)
 Metaspace       used 6796K, capacity 6980K, committed 7168K, reserved 1056768K
  class space    used 849K, capacity 908K, committed 1024K, reserved 1048576K
}
Event: 2.590 GC heap before
{Heap before GC invocations=3 (full 0):
 PSYoungGen      total 24064K, used 23773K [0x00000000d5580000, 0x00000000d7000000, 0x0000000100000000)
  eden space 20992K, 100% used [0x00000000d5580000,0x00000000d6a00000,0x00000000d6a00000)
  from space 3072K, 90% used [0x00000000d6d00000,0x00000000d6fb7608,0x00000000d7000000)
  to   space 3072K, 0% used [0x00000000d6a00000,0x00000000d6a00000,0x00000000d6d00000)
 ParOldGen       total 54784K, used 177K [0x0000000080000000, 0x0000000083580000, 0x00000000d5580000)
  object space 54784K, 0% used [0x0000000080000000,0x000000008002c4a0,0x0000000083580000)
 Metaspace       used 7019K, capacity 7292K, committed 7424K, reserved 1056768K
  class space    used 882K, capacity 948K, committed 1024K, reserved 1048576K
Event: 2.595 GC heap after
Heap after GC invocations=3 (full 0):
 PSYoungGen      total 24064K, used 3053K [0x00000000d5580000, 0x00000000d7000000, 0x0000000100000000)
  eden space 20992K, 0% used [0x00000000d5580000,0x00000000d5580000,0x00000000d6a00000)
  from space 3072K, 99% used [0x00000000d6a00000,0x00000000d6cfb6d0,0x00000000d6d00000)
  to   space 3072K, 0% used [0x00000000d6d00000,0x00000000d6d00000,0x00000000d7000000)
 ParOldGen       total 54784K, used 209K [0x0000000080000000, 0x0000000083580000, 0x00000000d5580000)
  object space 54784K, 0% used [0x0000000080000000,0x00000000800344a0,0x0000000083580000)
 Metaspace       used 7019K, capacity 7292K, committed 7424K, reserved 1056768K
  class space    used 882K, capacity 948K, committed 1024K, reserved 1048576K
}
Event: 3.083 GC heap before
{Heap before GC invocations=4 (full 0):
 PSYoungGen      total 24064K, used 24045K [0x00000000d5580000, 0x00000000d7000000, 0x0000000100000000)
  eden space 20992K, 100% used [0x00000000d5580000,0x00000000d6a00000,0x00000000d6a00000)
  from space 3072K, 99% used [0x00000000d6a00000,0x00000000d6cfb6d0,0x00000000d6d00000)
  to   space 3072K, 0% used [0x00000000d6d00000,0x00000000d6d00000,0x00000000d7000000)
 ParOldGen       total 54784K, used 209K [0x0000000080000000, 0x0000000083580000, 0x00000000d5580000)
  object space 54784K, 0% used [0x0000000080000000,0x00000000800344a0,0x0000000083580000)
 Metaspace       used 9698K, capacity 9938K, committed 10240K, reserved 1058816K
  class space    used 1328K, capacity 1421K, committed 1536K, reserved 1048576K
Event: 3.093 GC heap after
Heap after GC invocations=4 (full 0):
 PSYoungGen      total 24064K, used 3040K [0x00000000d5580000, 0x00000000d7000000, 0x0000000100000000)
  eden space 20992K, 0% used [0x00000000d5580000,0x00000000d5580000,0x00000000d6a00000)
  from space 3072K, 98% used [0x00000000d6d00000,0x00000000d6ff8040,0x00000000d7000000)
  to   space 3072K, 0% used [0x00000000d6a00000,0x00000000d6a00000,0x00000000d6d00000)
 ParOldGen       total 54784K, used 1956K [0x0000000080000000, 0x0000000083580000, 0x00000000d5580000)
  object space 54784K, 3% used [0x0000000080000000,0x00000000801e9118,0x0000000083580000)
 Metaspace       used 9698K, capacity 9938K, committed 10240K, reserved 1058816K
  class space    used 1328K, capacity 1421K, committed 1536K, reserved 1048576K
}
Event: 6.533 GC heap before
{Heap before GC invocations=5 (full 0):
 PSYoungGen      total 24064K, used 24032K [0x00000000d5580000, 0x00000000d7000000, 0x0000000100000000)
  eden space 20992K, 100% used [0x00000000d5580000,0x00000000d6a00000,0x00000000d6a00000)
  from space 3072K, 98% used [0x00000000d6d00000,0x00000000d6ff8040,0x00000000d7000000)
  to   space 3072K, 0% used [0x00000000d6a00000,0x00000000d6a00000,0x00000000d6d00000)
 ParOldGen       total 54784K, used 1956K [0x0000000080000000, 0x0000000083580000, 0x00000000d5580000)
  object space 54784K, 3% used [0x0000000080000000,0x00000000801e9118,0x0000000083580000)
 Metaspace       used 12699K, capacity 12966K, committed 13184K, reserved 1060864K
  class space    used 1780K, capacity 1901K, committed 1920K, reserved 1048576K
Event: 6.546 GC heap after
Heap after GC invocations=5 (full 0):
 PSYoungGen      total 23552K, used 3040K [0x00000000d5580000, 0x00000000d7580000, 0x0000000100000000)
  eden space 20480K, 0% used [0x00000000d5580000,0x00000000d5580000,0x00000000d6980000)
  from space 3072K, 98% used [0x00000000d6a00000,0x00000000d6cf8040,0x00000000d6d00000)
  to   space 6144K, 0% used [0x00000000d6f80000,0x00000000d6f80000,0x00000000d7580000)
 ParOldGen       total 54784K, used 4376K [0x0000000080000000, 0x0000000083580000, 0x00000000d5580000)
  object space 54784K, 7% used [0x0000000080000000,0x00000000804460a0,0x0000000083580000)
 Metaspace       used 12699K, capacity 12966K, committed 13184K, reserved 1060864K
  class space    used 1780K, capacity 1901K, committed 1920K, reserved 1048576K
}

