# JRE version: Java(TM) SE Runtime Environment (8.0_241-b07) (build 1.8.0_241-b07)
# Java VM: Java HotSpot(TM) 64-Bit Server VM (25.241-b07 mixed mode windows-amd64 compressed oops)
Heap:
 PSYoungGen      total 77824K, used 36906K [0x00000000d5580000, 0x00000000da700000, 0x0000000100000000)
  eden space 72192K, 43% used [0x00000000d5580000,0x00000000d7410a80,0x00000000d9c00000)
  from space 5632K, 99% used [0x00000000d9c00000,0x00000000da17a028,0x00000000da180000)
  to   space 4096K, 0% used [0x00000000da300000,0x00000000da300000,0x00000000da700000)
 ParOldGen       total 33280K, used 20245K [0x0000000080000000, 0x0000000082080000, 0x00000000d5580000)
  object space 33280K, 60% used [0x0000000080000000,0x00000000813c5590,0x0000000082080000)
 Metaspace       used 43304K, capacity 44588K, committed 44800K, reserved 1087488K
  class space    used 5971K, capacity 6342K, committed 6400K, reserved 1048576K
GC Heap History (10 events):
Event: 44.110 GC heap before
{Heap before GC invocations=15 (full 1):
 PSYoungGen      total 36864K, used 33796K [0x00000000d5580000, 0x00000000d9000000, 0x0000000100000000)
  eden space 30208K, 100% used [0x00000000d5580000,0x00000000d7300000,0x00000000d7300000)
  from space 6656K, 53% used [0x00000000d7300000,0x00000000d76810d8,0x00000000d7980000)
  to   space 6144K, 0% used [0x00000000d8a00000,0x00000000d8a00000,0x00000000d9000000)
 ParOldGen       total 33280K, used 12097K [0x0000000080000000, 0x0000000082080000, 0x00000000d5580000)
  object space 33280K, 36% used [0x0000000080000000,0x0000000080bd0740,0x0000000082080000)
 Metaspace       used 29824K, capacity 30392K, committed 30720K, reserved 1075200K
  class space    used 4112K, capacity 4322K, committed 4352K, reserved 1048576K
Event: 44.128 GC heap after
Heap after GC invocations=15 (full 1):
 PSYoungGen      total 52736K, used 2550K [0x00000000d5580000, 0x00000000d8f80000, 0x0000000100000000)
  eden space 47104K, 0% used [0x00000000d5580000,0x00000000d5580000,0x00000000d8380000)
  from space 5632K, 45% used [0x00000000d8a00000,0x00000000d8c7d948,0x00000000d8f80000)
  to   space 6144K, 0% used [0x00000000d8380000,0x00000000d8380000,0x00000000d8980000)
 ParOldGen       total 33280K, used 13593K [0x0000000080000000, 0x0000000082080000, 0x00000000d5580000)
  object space 33280K, 40% used [0x0000000080000000,0x0000000080d46740,0x0000000082080000)
 Metaspace       used 29824K, capacity 30392K, committed 30720K, reserved 1075200K
  class space    used 4112K, capacity 4322K, committed 4352K, reserved 1048576K
}
Event: 45.993 GC heap before
{Heap before GC invocations=16 (full 1):
 PSYoungGen      total 52736K, used 49654K [0x00000000d5580000, 0x00000000d8f80000, 0x0000000100000000)
  eden space 47104K, 100% used [0x00000000d5580000,0x00000000d8380000,0x00000000d8380000)
  from space 5632K, 45% used [0x00000000d8a00000,0x00000000d8c7d948,0x00000000d8f80000)
  to   space 6144K, 0% used [0x00000000d8380000,0x00000000d8380000,0x00000000d8980000)
 ParOldGen       total 33280K, used 13593K [0x0000000080000000, 0x0000000082080000, 0x00000000d5580000)
  object space 33280K, 40% used [0x0000000080000000,0x0000000080d46740,0x0000000082080000)
 Metaspace       used 32265K, capacity 32874K, committed 33280K, reserved 1077248K
  class space    used 4532K, capacity 4741K, committed 4864K, reserved 1048576K
Event: 46.040 GC heap after
Heap after GC invocations=16 (full 1):
 PSYoungGen      total 53248K, used 3631K [0x00000000d5580000, 0x00000000da900000, 0x0000000100000000)
  eden space 47104K, 0% used [0x00000000d5580000,0x00000000d5580000,0x00000000d8380000)
  from space 6144K, 59% used [0x00000000d8380000,0x00000000d870bdf0,0x00000000d8980000)
  to   space 6144K, 0% used [0x00000000da300000,0x00000000da300000,0x00000000da900000)
 ParOldGen       total 33280K, used 14996K [0x0000000080000000, 0x0000000082080000, 0x00000000d5580000)
  object space 33280K, 45% used [0x0000000080000000,0x0000000080ea5288,0x0000000082080000)
 Metaspace       used 32265K, capacity 32874K, committed 33280K, reserved 1077248K
  class space    used 4532K, capacity 4741K, committed 4864K, reserved 1048576K
}
Event: 49.295 GC heap before
{Heap before GC invocations=17 (full 1):
 PSYoungGen      total 53248K, used 45999K [0x00000000d5580000, 0x00000000da900000, 0x0000000100000000)
  eden space 47104K, 89% used [0x00000000d5580000,0x00000000d7edfe80,0x00000000d8380000)
  from space 6144K, 59% used [0x00000000d8380000,0x00000000d870bdf0,0x00000000d8980000)
  to   space 6144K, 0% used [0x00000000da300000,0x00000000da300000,0x00000000da900000)
 ParOldGen       total 33280K, used 14996K [0x0000000080000000, 0x0000000082080000, 0x00000000d5580000)
  object space 33280K, 45% used [0x0000000080000000,0x0000000080ea5288,0x0000000082080000)
 Metaspace       used 34626K, capacity 35362K, committed 35496K, reserved 1079296K
  class space    used 4863K, capacity 5107K, committed 5120K, reserved 1048576K
Event: 49.311 GC heap after
Heap after GC invocations=17 (full 1):
 PSYoungGen      total 76288K, used 3259K [0x00000000d5580000, 0x00000000da700000, 0x0000000100000000)
  eden space 72192K, 0% used [0x00000000d5580000,0x00000000d5580000,0x00000000d9c00000)
  from space 4096K, 79% used [0x00000000da300000,0x00000000da62ed18,0x00000000da700000)
  to   space 5632K, 0% used [0x00000000d9c00000,0x00000000d9c00000,0x00000000da180000)
 ParOldGen       total 33280K, used 16083K [0x0000000080000000, 0x0000000082080000, 0x00000000d5580000)
  object space 33280K, 48% used [0x0000000080000000,0x0000000080fb4e48,0x0000000082080000)
 Metaspace       used 34626K, capacity 35362K, committed 35496K, reserved 1079296K
  class space    used 4863K, capacity 5107K, committed 5120K, reserved 1048576K
}
Event: 49.311 GC heap before
{Heap before GC invocations=18 (full 2):
 PSYoungGen      total 76288K, used 3259K [0x00000000d5580000, 0x00000000da700000, 0x0000000100000000)
  eden space 72192K, 0% used [0x00000000d5580000,0x00000000d5580000,0x00000000d9c00000)
  from space 4096K, 79% used [0x00000000da300000,0x00000000da62ed18,0x00000000da700000)
  to   space 5632K, 0% used [0x00000000d9c00000,0x00000000d9c00000,0x00000000da180000)
 ParOldGen       total 33280K, used 16083K [0x0000000080000000, 0x0000000082080000, 0x00000000d5580000)
  object space 33280K, 48% used [0x0000000080000000,0x0000000080fb4e48,0x0000000082080000)
 Metaspace       used 34626K, capacity 35362K, committed 35496K, reserved 1079296K
  class space    used 4863K, capacity 5107K, committed 5120K, reserved 1048576K
Event: 49.598 GC heap after
Heap after GC invocations=18 (full 2):
 PSYoungGen      total 76288K, used 0K [0x00000000d5580000, 0x00000000da700000, 0x0000000100000000)
  eden space 72192K, 0% used [0x00000000d5580000,0x00000000d5580000,0x00000000d9c00000)
  from space 4096K, 0% used [0x00000000da300000,0x00000000da300000,0x00000000da700000)
  to   space 5632K, 0% used [0x00000000d9c00000,0x00000000d9c00000,0x00000000da180000)
 ParOldGen       total 33280K, used 17260K [0x0000000080000000, 0x0000000082080000, 0x00000000d5580000)
  object space 33280K, 51% used [0x0000000080000000,0x00000000810db200,0x0000000082080000)
 Metaspace       used 34619K, capacity 35338K, committed 35496K, reserved 1079296K
  class space    used 4861K, capacity 5103K, committed 5120K, reserved 1048576K
}
Event: 54.178 GC heap before
{Heap before GC invocations=19 (full 2):
 PSYoungGen      total 76288K, used 72192K [0x00000000d5580000, 0x00000000da700000, 0x0000000100000000)
  eden space 72192K, 100% used [0x00000000d5580000,0x00000000d9c00000,0x00000000d9c00000)
  from space 4096K, 0% used [0x00000000da300000,0x00000000da300000,0x00000000da700000)
  to   space 5632K, 0% used [0x00000000d9c00000,0x00000000d9c00000,0x00000000da180000)
 ParOldGen       total 33280K, used 17260K [0x0000000080000000, 0x0000000082080000, 0x00000000d5580000)
  object space 33280K, 51% used [0x0000000080000000,0x00000000810db200,0x0000000082080000)
 Metaspace       used 40620K, capacity 41778K, committed 42112K, reserved 1085440K
  class space    used 5613K, capacity 5953K, committed 6016K, reserved 1048576K
Event: 54.202 GC heap after
Heap after GC invocations=19 (full 2):
 PSYoungGen      total 77824K, used 5608K [0x00000000d5580000, 0x00000000da700000, 0x0000000100000000)
  eden space 72192K, 0% used [0x00000000d5580000,0x00000000d5580000,0x00000000d9c00000)
  from space 5632K, 99% used [0x00000000d9c00000,0x00000000da17a028,0x00000000da180000)
  to   space 4096K, 0% used [0x00000000da300000,0x00000000da300000,0x00000000da700000)
 ParOldGen       total 33280K, used 20245K [0x0000000080000000, 0x0000000082080000, 0x00000000d5580000)
  object space 33280K, 60% used [0x0000000080000000,0x00000000813c5590,0x0000000082080000)
 Metaspace       used 40620K, capacity 41778K, committed 42112K, reserved 1085440K
  class space    used 5613K, capacity 5953K, committed 6016K, reserved 1048576K
}

