# JRE version: Java(TM) SE Runtime Environment (8.0_241-b07) (build 1.8.0_241-b07)
# Java VM: Java HotSpot(TM) 64-Bit Server VM (25.241-b07 mixed mode windows-amd64 compressed oops)
Heap:
 PSYoungGen      total 136192K, used 5470K [0x00000000d5580000, 0x00000000de680000, 0x0000000100000000)
  eden space 123904K, 0% used [0x00000000d5580000,0x00000000d5580000,0x00000000dce80000)
  from space 12288K, 44% used [0x00000000dda80000,0x00000000ddfd7b30,0x00000000de680000)
  to   space 12288K, 0% used [0x00000000dce80000,0x00000000dce80000,0x00000000dda80000)
 ParOldGen       total 46080K, used 40547K [0x0000000080000000, 0x0000000082d00000, 0x00000000d5580000)
  object space 46080K, 87% used [0x0000000080000000,0x0000000082798df8,0x0000000082d00000)
 Metaspace       used 56885K, capacity 58786K, committed 58880K, reserved 1103872K
  class space    used 7852K, capacity 8413K, committed 8448K, reserved 1048576K
GC Heap History (10 events):
Event: 108.684 GC heap after
Heap after GC invocations=18 (full 2):
 PSYoungGen      total 83456K, used 0K [0x00000000d5580000, 0x00000000dad00000, 0x0000000100000000)
  eden space 78336K, 0% used [0x00000000d5580000,0x00000000d5580000,0x00000000da200000)
  from space 5120K, 0% used [0x00000000da800000,0x00000000da800000,0x00000000dad00000)
  to   space 5632K, 0% used [0x00000000da200000,0x00000000da200000,0x00000000da780000)
 ParOldGen       total 46080K, used 17169K [0x0000000080000000, 0x0000000082d00000, 0x00000000d5580000)
  object space 46080K, 37% used [0x0000000080000000,0x00000000810c4440,0x0000000082d00000)
 Metaspace       used 34604K, capacity 35398K, committed 35496K, reserved 1079296K
  class space    used 4860K, capacity 5103K, committed 5120K, reserved 1048576K
}
Event: 127.197 GC heap before
{Heap before GC invocations=19 (full 2):
 PSYoungGen      total 83456K, used 78336K [0x00000000d5580000, 0x00000000dad00000, 0x0000000100000000)
  eden space 78336K, 100% used [0x00000000d5580000,0x00000000da200000,0x00000000da200000)
  from space 5120K, 0% used [0x00000000da800000,0x00000000da800000,0x00000000dad00000)
  to   space 5632K, 0% used [0x00000000da200000,0x00000000da200000,0x00000000da780000)
 ParOldGen       total 46080K, used 17169K [0x0000000080000000, 0x0000000082d00000, 0x00000000d5580000)
  object space 46080K, 37% used [0x0000000080000000,0x00000000810c4440,0x0000000082d00000)
 Metaspace       used 41128K, capacity 42286K, committed 42496K, reserved 1085440K
  class space    used 5673K, capacity 6023K, committed 6144K, reserved 1048576K
Event: 127.221 GC heap after
Heap after GC invocations=19 (full 2):
 PSYoungGen      total 83968K, used 5617K [0x00000000d5580000, 0x00000000dc800000, 0x0000000100000000)
  eden space 78336K, 0% used [0x00000000d5580000,0x00000000d5580000,0x00000000da200000)
  from space 5632K, 99% used [0x00000000da200000,0x00000000da77c4b0,0x00000000da780000)
  to   space 7680K, 0% used [0x00000000dc080000,0x00000000dc080000,0x00000000dc800000)
 ParOldGen       total 46080K, used 21148K [0x0000000080000000, 0x0000000082d00000, 0x00000000d5580000)
  object space 46080K, 45% used [0x0000000080000000,0x00000000814a73c8,0x0000000082d00000)
 Metaspace       used 41128K, capacity 42286K, committed 42496K, reserved 1085440K
  class space    used 5673K, capacity 6023K, committed 6144K, reserved 1048576K
}
Event: 140.210 GC heap before
{Heap before GC invocations=20 (full 2):
 PSYoungGen      total 83968K, used 83953K [0x00000000d5580000, 0x00000000dc800000, 0x0000000100000000)
  eden space 78336K, 100% used [0x00000000d5580000,0x00000000da200000,0x00000000da200000)
  from space 5632K, 99% used [0x00000000da200000,0x00000000da77c4b0,0x00000000da780000)
  to   space 7680K, 0% used [0x00000000dc080000,0x00000000dc080000,0x00000000dc800000)
 ParOldGen       total 46080K, used 21148K [0x0000000080000000, 0x0000000082d00000, 0x00000000d5580000)
  object space 46080K, 45% used [0x0000000080000000,0x00000000814a73c8,0x0000000082d00000)
 Metaspace       used 48458K, capacity 49840K, committed 50048K, reserved 1091584K
  class space    used 6629K, capacity 7018K, committed 7040K, reserved 1048576K
Event: 140.253 GC heap after
Heap after GC invocations=20 (full 2):
 PSYoungGen      total 105472K, used 7668K [0x00000000d5580000, 0x00000000dce80000, 0x0000000100000000)
  eden space 97792K, 0% used [0x00000000d5580000,0x00000000d5580000,0x00000000db500000)
  from space 7680K, 99% used [0x00000000dc080000,0x00000000dc7fd148,0x00000000dc800000)
  to   space 11776K, 0% used [0x00000000db500000,0x00000000db500000,0x00000000dc080000)
 ParOldGen       total 46080K, used 29140K [0x0000000080000000, 0x0000000082d00000, 0x00000000d5580000)
  object space 46080K, 63% used [0x0000000080000000,0x0000000081c750d0,0x0000000082d00000)
 Metaspace       used 48458K, capacity 49840K, committed 50048K, reserved 1091584K
  class space    used 6629K, capacity 7018K, committed 7040K, reserved 1048576K
}
Event: 168.351 GC heap before
{Heap before GC invocations=21 (full 2):
 PSYoungGen      total 105472K, used 105460K [0x00000000d5580000, 0x00000000dce80000, 0x0000000100000000)
  eden space 97792K, 100% used [0x00000000d5580000,0x00000000db500000,0x00000000db500000)
  from space 7680K, 99% used [0x00000000dc080000,0x00000000dc7fd148,0x00000000dc800000)
  to   space 11776K, 0% used [0x00000000db500000,0x00000000db500000,0x00000000dc080000)
 ParOldGen       total 46080K, used 29140K [0x0000000080000000, 0x0000000082d00000, 0x00000000d5580000)
  object space 46080K, 63% used [0x0000000080000000,0x0000000081c750d0,0x0000000082d00000)
 Metaspace       used 52963K, capacity 54588K, committed 54656K, reserved 1095680K
  class space    used 7268K, capacity 7790K, committed 7808K, reserved 1048576K
Event: 168.384 GC heap after
Heap after GC invocations=21 (full 2):
 PSYoungGen      total 109568K, used 10440K [0x00000000d5580000, 0x00000000de780000, 0x0000000100000000)
  eden space 97792K, 0% used [0x00000000d5580000,0x00000000d5580000,0x00000000db500000)
  from space 11776K, 88% used [0x00000000db500000,0x00000000dbf322f0,0x00000000dc080000)
  to   space 13312K, 0% used [0x00000000dda80000,0x00000000dda80000,0x00000000de780000)
 ParOldGen       total 46080K, used 33767K [0x0000000080000000, 0x0000000082d00000, 0x00000000d5580000)
  object space 46080K, 73% used [0x0000000080000000,0x00000000820f9e48,0x0000000082d00000)
 Metaspace       used 52963K, capacity 54588K, committed 54656K, reserved 1095680K
  class space    used 7268K, capacity 7790K, committed 7808K, reserved 1048576K
}
Event: 170.681 GC heap before
{Heap before GC invocations=22 (full 2):
 PSYoungGen      total 109568K, used 60135K [0x00000000d5580000, 0x00000000de780000, 0x0000000100000000)
  eden space 97792K, 50% used [0x00000000d5580000,0x00000000d8607b30,0x00000000db500000)
  from space 11776K, 88% used [0x00000000db500000,0x00000000dbf322f0,0x00000000dc080000)
  to   space 13312K, 0% used [0x00000000dda80000,0x00000000dda80000,0x00000000de780000)
 ParOldGen       total 46080K, used 33767K [0x0000000080000000, 0x0000000082d00000, 0x00000000d5580000)
  object space 46080K, 73% used [0x0000000080000000,0x00000000820f9e48,0x0000000082d00000)
 Metaspace       used 56885K, capacity 58786K, committed 58880K, reserved 1103872K
  class space    used 7852K, capacity 8413K, committed 8448K, reserved 1048576K
Event: 170.727 GC heap after
Heap after GC invocations=22 (full 2):
 PSYoungGen      total 136192K, used 5470K [0x00000000d5580000, 0x00000000de680000, 0x0000000100000000)
  eden space 123904K, 0% used [0x00000000d5580000,0x00000000d5580000,0x00000000dce80000)
  from space 12288K, 44% used [0x00000000dda80000,0x00000000ddfd7b30,0x00000000de680000)
  to   space 12288K, 0% used [0x00000000dce80000,0x00000000dce80000,0x00000000dda80000)
 ParOldGen       total 46080K, used 40547K [0x0000000080000000, 0x0000000082d00000, 0x00000000d5580000)
  object space 46080K, 87% used [0x0000000080000000,0x0000000082798df8,0x0000000082d00000)
 Metaspace       used 56885K, capacity 58786K, committed 58880K, reserved 1103872K
  class space    used 7852K, capacity 8413K, committed 8448K, reserved 1048576K
}
Event: 170.727 GC heap before
{Heap before GC invocations=23 (full 3):
 PSYoungGen      total 136192K, used 5470K [0x00000000d5580000, 0x00000000de680000, 0x0000000100000000)
  eden space 123904K, 0% used [0x00000000d5580000,0x00000000d5580000,0x00000000dce80000)
  from space 12288K, 44% used [0x00000000dda80000,0x00000000ddfd7b30,0x00000000de680000)
  to   space 12288K, 0% used [0x00000000dce80000,0x00000000dce80000,0x00000000dda80000)
 ParOldGen       total 46080K, used 40547K [0x0000000080000000, 0x0000000082d00000, 0x00000000d5580000)
  object space 46080K, 87% used [0x0000000080000000,0x0000000082798df8,0x0000000082d00000)
 Metaspace       used 56885K, capacity 58786K, committed 58880K, reserved 1103872K
  class space    used 7852K, capacity 8413K, committed 8448K, reserved 1048576K

